2023-08-06 08:20:49.748702 - Initialized conversion of CBT904
2023-08-06 08:20:50.100271 - Received CBT.V505.FILE904.PDS from FILE904.XMI 
2023-08-06 08:20:50.102695 - Found $$$#DATE.txt (text/plain) in CBT.V505.FILE904.PDS, moved to PDS/$$$#DATE
2023-08-06 08:20:50.103628 - Found $$DISCLM.txt (text/plain) in CBT.V505.FILE904.PDS, moved to PDS/$$DISCLM
2023-08-06 08:20:50.104562 - Found $$INDEX.txt (text/plain) in CBT.V505.FILE904.PDS, moved to PDS/$$INDEX
2023-08-06 08:20:50.105433 - Found $$README.txt (text/plain) in CBT.V505.FILE904.PDS, moved to PDS/$$README
2023-08-06 08:20:50.106304 - Found $INSTALL.txt (text/plain) in CBT.V505.FILE904.PDS, moved to PDS/$INSTALL
2023-08-06 08:20:50.107193 - Found $NDMARS.txt (text/plain) in CBT.V505.FILE904.PDS, moved to PDS/$NDMARS
2023-08-06 08:20:50.108000 - Found $NVAUTO.txt (text/plain) in CBT.V505.FILE904.PDS, moved to PDS/$NVAUTO
2023-08-06 08:20:50.108823 - Found $OPLIST.txt (text/plain) in CBT.V505.FILE904.PDS, moved to PDS/$OPLIST
2023-08-06 08:20:50.109703 - Found $PERL.txt (text/plain) in CBT.V505.FILE904.PDS, moved to PDS/$PERL
2023-08-06 08:20:50.110791 - Found $STATSW.txt (text/plain) in CBT.V505.FILE904.PDS, moved to PDS/$STATSW
2023-08-06 08:20:50.111720 - Found @FILE904.txt (text/plain) in CBT.V505.FILE904.PDS, moved to PDS/@FILE904
2023-08-06 08:20:50.112662 - Found ACTIVTY1.txt (text/plain) in CBT.V505.FILE904.PDS, moved to PDS/ACTIVTY1
2023-08-06 08:20:50.113622 - Found ACTIVTY2.txt (text/plain) in CBT.V505.FILE904.PDS, moved to PDS/ACTIVTY2
2023-08-06 08:20:50.114604 - Found ACTVSECP.txt (text/plain) in CBT.V505.FILE904.PDS, moved to PDS/ACTVSECP
2023-08-06 08:20:50.115578 - Found CDJARS2$.jcl (text/plain) in CBT.V505.FILE904.PDS, moved to PDS/CDJARS2$
2023-08-06 08:20:50.116504 - Found CDJEXTR$.jcl (text/plain) in CBT.V505.FILE904.PDS, moved to PDS/CDJEXTR$
2023-08-06 08:20:50.117498 - Found CDXOR01X.txt (text/plain) in CBT.V505.FILE904.PDS, moved to PDS/CDXOR01X
2023-08-06 08:20:50.118435 - Found EXCEPT1.txt (text/plain) in CBT.V505.FILE904.PDS, moved to PDS/EXCEPT1
2023-08-06 08:20:50.119405 - Found IDBG.txt (text/plain) in CBT.V505.FILE904.PDS, moved to PDS/IDBG
2023-08-06 08:20:50.120315 - Found MPFLSTXX.txt (text/plain) in CBT.V505.FILE904.PDS, moved to PDS/MPFLSTXX
2023-08-06 08:20:50.121338 - Found NPDSCPY1.txt (text/plain) in CBT.V505.FILE904.PDS, moved to PDS/NPDSCPY1
2023-08-06 08:20:50.122242 - Found PDSCOPY1.txt (text/plain) in CBT.V505.FILE904.PDS, moved to PDS/PDSCOPY1
2023-08-06 08:20:50.180901 - Found PERL.xmi (application/xmit) in CBT.V505.FILE904.PDS
2023-08-06 08:20:50.187773   - Received to CBT904/PERL.PDS
2023-08-06 08:20:50.188759 - Found QUI.txt (text/plain) in CBT.V505.FILE904.PDS, moved to PDS/QUI
2023-08-06 08:20:50.189649 - Found QUIESCE.txt (text/plain) in CBT.V505.FILE904.PDS, moved to PDS/QUIESCE
2023-08-06 08:20:50.191908 - Found RES.txt (text/plain) in CBT.V505.FILE904.PDS, moved to PDS/RES
2023-08-06 08:20:50.192974 - Found RESUME.txt (text/plain) in CBT.V505.FILE904.PDS, moved to PDS/RESUME
2023-08-06 08:20:50.193882 - Found RUNJOB1.txt (text/plain) in CBT.V505.FILE904.PDS, moved to PDS/RUNJOB1
2023-08-06 08:20:50.194837 - Found RUNTASK1.txt (text/plain) in CBT.V505.FILE904.PDS, moved to PDS/RUNTASK1
2023-08-06 08:20:50.195751 - Found SNDMAIL6.txt (text/plain) in CBT.V505.FILE904.PDS, moved to PDS/SNDMAIL6
2023-08-06 08:20:50.196607 - Found STATJOB4.jcl (text/plain) in CBT.V505.FILE904.PDS, moved to PDS/STATJOB4
2023-08-06 08:20:50.197487 - Found STATPRC4.txt (text/plain) in CBT.V505.FILE904.PDS, moved to PDS/STATPRC4
2023-08-06 08:20:50.198728 - Found SUBMIT1.txt (text/plain) in CBT.V505.FILE904.PDS, moved to PDS/SUBMIT1
2023-08-06 08:20:50.199619 - Found SUMMACTC.txt (text/plain) in CBT.V505.FILE904.PDS, moved to PDS/SUMMACTC
2023-08-06 08:20:50.200451 - Found SUMMARY1.txt (text/plain) in CBT.V505.FILE904.PDS, moved to PDS/SUMMARY1
2023-08-06 08:20:50.201361 - Found SVTMXXX.txt (text/plain) in CBT.V505.FILE904.PDS, moved to PDS/SVTMXXX
2023-08-06 08:20:50.202511 - Found SVTM083I.txt (text/plain) in CBT.V505.FILE904.PDS, moved to PDS/SVTM083I
2023-08-06 08:20:50.203495 - Found SVTM105I.txt (text/plain) in CBT.V505.FILE904.PDS, moved to PDS/SVTM105I
2023-08-06 08:20:50.204406 - Found TSTA339$.jcl (text/plain) in CBT.V505.FILE904.PDS, moved to PDS/TSTA339$
2023-08-06 08:20:50.205335 - Found TSTA3390.txt (text/plain) in CBT.V505.FILE904.PDS, moved to PDS/TSTA3390
2023-08-06 08:20:50.206350 - Found TSTSMF2.txt (text/plain) in CBT.V505.FILE904.PDS, moved to PDS/TSTSMF2
2023-08-06 08:20:50.207251 - Found TSTSMF2$.jcl (text/plain) in CBT.V505.FILE904.PDS, moved to PDS/TSTSMF2$
2023-08-06 08:20:50.208067 - Found TSTSUBM$.jcl (text/plain) in CBT.V505.FILE904.PDS, moved to PDS/TSTSUBM$
2023-08-06 08:20:50.208901 - Found TSTSUBMY.txt (text/plain) in CBT.V505.FILE904.PDS, moved to PDS/TSTSUBMY
2023-08-06 08:20:50.210218 - Found TSTXSIZ$.jcl (text/plain) in CBT.V505.FILE904.PDS, moved to PDS/TSTXSIZ$
2023-08-06 08:20:50.211237 - Found TSTXSIZP.txt (text/plain) in CBT.V505.FILE904.PDS, moved to PDS/TSTXSIZP
2023-08-06 08:20:50.212093 - Found XO.txt (text/plain) in CBT.V505.FILE904.PDS, moved to PDS/XO
